"../../../Engine/Content/Functions/Engine_MaterialFunctions01/Shading/PowerToRoughness.uasset" 0
"../../../Engine/Content/EngineMaterials/DefaultDiffuse.uasset" 1
"../../../Engine/Content/EngineMaterials/DefaultDeferredDecalMaterial.uasset" 2
"../../../Engine/Content/EngineMaterials/DefaultLightFunctionMaterial.uasset" 3
"../../../Engine/Content/Functions/Engine_MaterialFunctions02/Utility/BreakOutFloat2Components.uasset" 4
"../../../Engine/Content/EngineMaterials/DefaultPostProcessMaterial.uasset" 5
"../../../Engine/Content/EditorMaterials/Camera/CineMat.uasset" 6
"../../../Engine/Content/EditorMaterials/Camera/MI_CineMat_Rig.uasset" 7
"../../../Engine/Content/EditorMeshes/Camera/SM_CraneRig_Base.uasset" 8
"../../../Engine/Content/EditorMeshes/Camera/SM_CraneRig_Arm.uasset" 9
"../../../Engine/Content/EditorMeshes/Camera/SM_CraneRig_Mount.uasset" 10
"../../../Engine/Content/EditorMeshes/Camera/SM_CraneRig_Body.uasset" 11
"../../../Engine/Content/EditorMeshes/Camera/SM_RailRig_Track.uasset" 12
"../../../Engine/Content/EditorMeshes/Camera/SM_RailRig_Mount.uasset" 13
"../../../Engine/Content/EditorResources/MatineeCam_D.uasset" 14
"../../../Engine/Content/EditorMaterials/MatineeCam_mat.uasset" 15
"../../../Engine/Content/EditorMeshes/MatineeCam_SM.uasset" 16
"../../../Engine/Content/EditorMaterials/Camera/MI_CineMat_CameraBody.uasset" 17
"../../../Engine/Content/EngineDebugMaterials/M_SimpleOpaque.uasset" 18
"../../../Engine/Content/EditorMaterials/Camera/MI_CineMat_CamViewFinder.uasset" 19
"../../../Engine/Content/EditorMeshes/Camera/SM_CineCam.uasset" 20
"../../../Engine/Content/Functions/Engine_MaterialFunctions01/Opacity/CameraDepthFade.uasset" 21
"../../../Engine/Content/EngineMaterials/T_Default_Material_Grid_M.uasset" 22
"../../../Engine/Content/EngineMaterials/T_Default_Material_Grid_N.uasset" 23
"../../../Engine/Content/EngineMaterials/WorldGridMaterial.uasset" 24
"../../../Engine/Content/ArtTools/RenderToTexture/Meshes/S_1_Unit_Plane.uasset" 25
"../../../Engine/Content/EngineDebugMaterials/M_SimpleTranslucent.uasset" 26
"../../../Engine/Content/EngineResources/AICON-Red.uasset" 27
"../../../Engine/Content/EngineResources/AICON-Green.uasset" 28
"../../../Engine/Content/EngineFonts/Roboto.uasset" 29
"../../../Engine/Content/EngineResources/DefaultTexture.uasset" 30
"../../../Engine/Content/Functions/Engine_MaterialFunctions01/Texturing/ScaleUVsByCenter.uasset" 31
"../../../Engine/Content/Functions/Engine_MaterialFunctions02/ScreenResolution.uasset" 32
"../../../Engine/Content/Functions/Engine_MaterialFunctions02/Texturing/ScreenAlignedUVs.uasset" 33
"../../../Engine/Content/EngineResources/WhiteSquareTexture.uasset" 34
"../../../Engine/Content/EngineMaterials/Widget3DPassThrough.uasset" 35
"../../../Engine/Content/EngineMaterials/Widget3DPassThrough_Translucent.uasset" 36
"../../../Engine/Content/EngineMaterials/Widget3DPassThrough_Translucent_OneSided.uasset" 37
"../../../Engine/Content/EngineMaterials/Widget3DPassThrough_Opaque.uasset" 38
"../../../Engine/Content/EngineMaterials/Widget3DPassThrough_Opaque_OneSided.uasset" 39
"../../../Engine/Content/EngineMaterials/Widget3DPassThrough_Masked.uasset" 40
"../../../Engine/Content/EngineMaterials/Widget3DPassThrough_Masked_OneSided.uasset" 41
"../../../Engine/Content/EditorResources/S_Actor.uasset" 42
"../../../Engine/Content/EditorResources/S_LevelSequence.uasset" 43
"../../../Engine/Content/EditorMaterials/AssetViewer/EpicQuadPanorama_CC+EV1.uasset" 44
"../../../Engine/Content/EditorResources/RGBTable16x1_AssetViewer.uasset" 45
"../../../Engine/Content/EditorResources/Bad.uasset" 46
"../../../Engine/Content/EditorMeshes/EditorCube.uasset" 47
"../../../Engine/Content/EditorMeshes/EditorSphere.uasset" 48
"../../../Engine/Content/EditorMeshes/EditorPlane.uasset" 49
"../../../Engine/Content/EditorMeshes/EditorCylinder.uasset" 50
"../../../Engine/Content/Maps/Templates/Thumbnails/Default.uasset" 51
"../../../Engine/Content/Maps/Templates/Thumbnails/VR-Basic.uasset" 52
"../../../Engine/Content/EditorMaterials/Thumbnails/SkySphereMaterial.uasset" 53
"../../../Engine/Content/EditorMeshes/EditorSkySphere.uasset" 54
"../../../Engine/Content/EngineMaterials/Grid.uasset" 55
"../../../Engine/Content/EditorMaterials/Thumbnails/FloorPlaneMaterial.uasset" 56
"../../../Engine/Content/MapTemplates/Sky/DaylightAmbientCubemap.uasset" 57
"../../../Engine/Content/EditorMaterials/ParticleSystems/PSysThumbnail_NoImage.uasset" 58
"../../../Engine/Content/EditorMaterials/ParticleSystems/PSysThumbnail_OOD.uasset" 59
"../../../Engine/Content/EditorResources/S_DecalActorIcon.uasset" 60
"../../../Engine/Content/EditorLandscapeResources/LandscapeGizmo_Mat.uasset" 61
"../../../Engine/Content/EditorLandscapeResources/LandscapeGizmo_Mat_Copied.uasset" 62
"../../../Engine/Content/EditorLandscapeResources/LandscapeGizmoHeight_Mat.uasset" 63
"../../../Engine/Content/EditorLandscapeResources/DataLayer.uasset" 64
"../../../Engine/Content/EditorResources/S_Terrain.uasset" 65
"../../../Engine/Content/EditorLandscapeResources/SplineEditorMeshMat.uasset" 66
"../../../Engine/Content/EditorLandscapeResources/SplineEditorMesh.uasset" 67
"../../../Engine/Content/Functions/Engine_MaterialFunctions02/Utility/Sign.uasset" 68
"../../../Engine/Content/Functions/Engine_MaterialFunctions02/Utility/Round.uasset" 69
"../../../Engine/Content/Functions/Engine_MaterialFunctions02/ExampleContent/Textures/flipbook.uasset" 70
"../../../Engine/Content/Functions/Engine_MaterialFunctions02/Texturing/FlipBook.uasset" 71
"../../../Engine/Content/EditorResources/T_EditorHelp.uasset" 72
"../../../Engine/Content/EditorMaterials/HelpActorMaterial.uasset" 73
"../../../Engine/Content/EditorResources/S_Emitter.uasset" 74
"../../../Engine/Content/EditorResources/S_ExpoHeightFog.uasset" 75
"../../../Engine/Content/EditorResources/S_NavP.uasset" 76
"../../../Engine/Content/EditorResources/S_Player.uasset" 77
"../../../Engine/Content/EditorResources/LightIcons/SkyLight.uasset" 78
"../../../Engine/Content/EditorResources/S_WindDirectional.uasset" 79
"../../../Engine/Content/EngineDamageTypes/DmgTypeBP_Environmental.uasset" 80
"../../../Engine/Content/EditorResources/LightIcons/S_LightDirectional.uasset" 81
"../../../Engine/Content/EditorResources/LightIcons/S_LightDirectionalMove.uasset" 82
"../../../Engine/Content/EditorResources/LightIcons/S_LightPoint.uasset" 83
"../../../Engine/Content/EditorResources/LightIcons/S_LightPointMove.uasset" 84
"../../../Engine/Content/EditorResources/LightIcons/S_LightSpot.uasset" 85
"../../../Engine/Content/EditorResources/LightIcons/S_LightSpotMove.uasset" 86
"../../../Engine/Content/EditorResources/S_PortalActorIcon2.uasset" 87
"../../../Engine/Content/EditorResources/MatInstActSprite.uasset" 88
"../../../Engine/Content/EditorResources/SceneManager.uasset" 89
"../../../Engine/Content/EditorResources/AI/S_NavLink.uasset" 90
"../../../Engine/Content/EditorResources/S_Note.uasset" 91
"../../../Engine/Content/EngineMeshes/Sphere.uasset" 92
"../../../Engine/Content/EditorResources/S_ReflActorIcon.uasset" 93
"../../../Engine/Content/EditorResources/S_Thruster.uasset" 94
"../../../Engine/Content/EditorResources/S_RadForce.uasset" 95
"../../../Engine/Content/EditorMaterials/TargetIcon.uasset" 96
"../../../Engine/Content/EngineFonts/RobotoDistanceField.uasset" 97
"../../../Engine/Content/EngineMaterials/DefaultTextMaterialOpaque.uasset" 98
"../../../Engine/Content/EditorResources/S_TextRenderActorIcon.uasset" 99
"../../../Engine/Content/EditorResources/S_Trigger.uasset" 100
"../../../Engine/Content/EditorResources/S_VectorFieldVol.uasset" 101
"../../../Engine/Content/EngineResources/GradientTexture0.uasset" 102
"../../../Engine/Content/EngineResources/Black.uasset" 103
"../../../Engine/Content/EditorMaterials/MatineeGroups/MAT_Groups_Float.uasset" 104
"../../../Engine/Content/EditorMaterials/MatineeGroups/MAT_Groups_Director.uasset" 105
"../../../Engine/Content/EditorMaterials/MatineeGroups/MAT_Groups_Event.uasset" 106
"../../../Engine/Content/EditorMaterials/MatineeGroups/MAT_Groups_Anim.uasset" 107
"../../../Engine/Content/EditorMaterials/MatineeGroups/MAT_Groups_Fade.uasset" 108
"../../../Engine/Content/EditorMaterials/MatineeGroups/MAT_Groups_Move.uasset" 109
"../../../Engine/Content/EditorMaterials/MatineeGroups/MAT_Groups_Slomo.uasset" 110
"../../../Engine/Content/EditorMaterials/MatineeGroups/MAT_ColorTrack.uasset" 111
"../../../Engine/Content/EditorMaterials/MAT_Groups_Toggle.uasset" 112
"../../../Engine/Content/EditorMaterials/MatineeGroups/MAT_Groups_AudioMaster.uasset" 113
"../../../Engine/Content/EditorMaterials/MatineeGroups/MAT_Groups_Sound.uasset" 114
"../../../Engine/Content/EditorMaterials/MatineeGroups/MAT_Groups_Vector.uasset" 115
"../../../Engine/Content/EditorMaterials/MAT_Groups_Visibility.uasset" 116
"../../../Engine/Content/EngineResources/DefaultTextureCube.uasset" 117
"../../../Engine/Content/EngineMaterials/DefaultMaterial.uasset" 118
"../../../Engine/Content/EngineMeshes/Cylinder.uasset" 119
"../../../Engine/Content/EngineTireTypes/DefaultTireType.uasset" 120
"../../../Engine/Content/EditorResources/S_FTest.uasset" 121
"../../../Engine/Content/VREditor/LaserPointer/VR_LaserPower_01.uasset" 122
"../../../Engine/Content/VREditor/TransformGizmo/TransformGizmoMaterial.uasset" 123
"../../../Engine/Content/VREditor/TransformGizmo/TranslucentTransformGizmoMaterial.uasset" 124
"../../../Engine/Content/VREditor/TransformGizmo/UniformScaleHandle.uasset" 125
"../../../Engine/Content/VREditor/TransformGizmo/TranslateHandleLong.uasset" 126
"../../../Engine/Content/VREditor/TransformGizmo/PlaneTranslationHandle.uasset" 127
"../../../Engine/Content/VREditor/TransformGizmo/RotationHandleFull.uasset" 128
"../../../Engine/Content/VREditor/TransformGizmo/StretchingHandle.uasset" 129
"../../../Engine/Content/VREditor/TransformGizmo/BoundingBoxCorner.uasset" 130
"../../../Engine/Content/VREditor/TransformGizmo/BoundingBoxEdge.uasset" 131
"../../../Engine/Content/VREditor/UI/SelectionBarMesh.uasset" 132
"../../../Engine/Content/VREditor/UI/CloseButtonMesh.uasset" 133
"../../../Engine/Content/VREditor/FloatingText/LineMaterial.uasset" 134
"../../../Engine/Content/VREditor/FloatingText/LineSegmentCylinder.uasset" 135
"../../../Engine/Content/VREditor/FloatingText/JointSphere.uasset" 136
"../../../Engine/Content/VREditor/Fonts/VRText_RobotoLarge.uasset" 137
"../../../Engine/Content/VREditor/Fonts/VRTextMaterial.uasset" 138
"../../../Engine/Content/VREditor/Fonts/TranslucentVRTextMaterial.uasset" 139
"../../../Engine/Content/VREditor/TransformGizmo/TranslationHandle.uasset" 140
"../../../Engine/Content/VREditor/TransformGizmo/RotationHandle.uasset" 141
"../../../Engine/Content/VREditor/Devices/Generic/GenericHMDMaterial.uasset" 142
"../../../Engine/Content/VREditor/Devices/Generic/GenericHMD.uasset" 143
"../../../Engine/Content/Functions/Engine_MaterialFunctions01/Gradient/RadialGradient.uasset" 144
"../../../Engine/Content/EditorLandscapeResources/FlattenHeightMat.uasset" 145
"../../../Engine/Content/VREditor/WorldMovementGrid/PlaneMesh.uasset" 146
"../../../Engine/Content/VREditor/WorldMovementGrid/SimpleGrid.uasset" 147
"../../../Engine/Content/VREditor/WorldMovementGrid/GridMaterial.uasset" 148
"../../../Engine/Content/VREditor/LaserPointer/LaserPointerMaterial.uasset" 149
"../../../Engine/Content/VREditor/LaserPointer/LaserPointerMaterialInst.uasset" 150
"../../../Engine/Content/VREditor/LaserPointer/TranslucentLaserPointerMaterialInst.uasset" 151
"../../../Engine/Content/VREditor/LaserPointer/LaserPointerMesh.uasset" 152
"../../../Engine/Content/Functions/Engine_MaterialFunctions01/Density/ExponentialDensity.uasset" 153
"../../../Engine/Content/VREditor/WorldMovementGrid/GridPostProcess.uasset" 154
"../../../Engine/Content/VREditor/Sounds/VR_teleport_Cue.uasset" 155
"../../../Engine/Content/VREditor/Sounds/VR_grab_Cue.uasset" 156
"../../../Engine/Plugins/2D/Paper2D/Content/PlaceholderTextures/DummySpriteTexture.uasset" 157
"../../../Engine/Plugins/2D/Paper2D/Content/DefaultSpriteMaterial.uasset" 158
"../../../Engine/Plugins/2D/Paper2D/Content/MaskedUnlitSpriteMaterial.uasset" 159
"../../../Engine/Plugins/2D/Paper2D/Content/OpaqueUnlitSpriteMaterial.uasset" 160
"../../../Engine/Plugins/2D/Paper2D/Content/DummySprite.uasset" 161
"../../../Engine/Plugins/2D/Paper2D/Content/DefaultPaperTerrainMaterial.uasset" 162
"../../../Engine/Content/EditorSounds/Notifications/CompileSuccess.uasset" 163
"../../../Engine/Content/EditorSounds/Notifications/CompileStart_Cue.uasset" 164
"../../../Engine/Content/EditorSounds/Notifications/CompileSuccess_Cue.uasset" 165
"../../../Engine/Content/EditorSounds/Notifications/CompileFailed.uasset" 166
"../../../Engine/Content/EditorSounds/Notifications/CompileFailed_Cue.uasset" 167
"../../../Engine/Content/BufferVisualization/BaseColor.uasset" 168
"../../../Engine/Content/BufferVisualization/CustomDepth.uasset" 169
"../../../Engine/Content/Functions/Engine_MaterialFunctions02/Utility/MakeFloat2.uasset" 170
"../../../Engine/Content/Functions/Engine_MaterialFunctions02/Utility/MakeFloat3.uasset" 171
"../../../Engine/Content/EngineMaterials/MiniFont.uasset" 172
"../../../Engine/Content/BufferVisualization/CustomStencil.uasset" 173
"../../../Engine/Content/BufferVisualization/FinalImage.uasset" 174
"../../../Engine/Content/BufferVisualization/LightingModel.uasset" 175
"../../../Engine/Content/BufferVisualization/MaterialAO.uasset" 176
"../../../Engine/Content/BufferVisualization/Metallic.uasset" 177
"../../../Engine/Content/BufferVisualization/Opacity.uasset" 178
"../../../Engine/Content/BufferVisualization/Roughness.uasset" 179
"../../../Engine/Content/BufferVisualization/SceneColor.uasset" 180
"../../../Engine/Content/BufferVisualization/SceneDepth.uasset" 181
"../../../Engine/Content/BufferVisualization/SeparateTranslucencyRGB.uasset" 182
"../../../Engine/Content/BufferVisualization/SeparateTranslucencyA.uasset" 183
"../../../Engine/Content/BufferVisualization/Specular.uasset" 184
"../../../Engine/Content/BufferVisualization/SubsurfaceColor.uasset" 185
"../../../Engine/Content/BufferVisualization/WorldNormal.uasset" 186
"../../../Engine/Content/EngineMaterials/DefaultPhysicalMaterial.uasset" 187
"../../../Engine/Content/BufferVisualization/AmbientOcclusion.uasset" 188
"../../../Engine/Content/Functions/Engine_MaterialFunctions02/Utility/VectorLength.uasset" 189
"../../../Engine/Content/BufferVisualization/CustomDepthWorldUnits.uasset" 190
"../../../Engine/Content/BufferVisualization/SceneDepthWorldUnits.uasset" 191
"../../../Engine/Content/BufferVisualization/HDRColor.uasset" 192
"../../../Engine/Content/EngineMaterials/HighResolutionScreenshotMaskFunction.uasset" 193
"../../../Engine/Content/EngineMaterials/HighResScreenshot.uasset" 194
"../../../Engine/Content/EngineMaterials/HighResScreenshotMask.uasset" 195
"../../../Engine/Content/EngineMaterials/HighResScreenshotCaptureRegion.uasset" 196
"../../../Engine/Content/EngineDebugMaterials/WireframeMaterial.uasset" 197
"../../../Engine/Content/Functions/Engine_MaterialFunctions01/Shading/ConvertFromDiffSpec.uasset" 198
"../../../Engine/Content/EngineDebugMaterials/LevelColorationLitMaterial.uasset" 199
"../../../Engine/Content/EngineDebugMaterials/LevelColorationUnlitMaterial.uasset" 200
"../../../Engine/Content/EngineMaterials/DefaultWhiteGrid.uasset" 201
"../../../Engine/Content/EngineDebugMaterials/MAT_LevelColorationLitLightmapUV.uasset" 202
"../../../Engine/Content/EngineDebugMaterials/ShadedLevelColorationLitMaterial.uasset" 203
"../../../Engine/Content/EngineDebugMaterials/ShadedLevelColorationUnlitMateri.uasset" 204
"../../../Engine/Content/EngineDebugMaterials/VertexColorMaterial.uasset" 205
"../../../Engine/Content/EngineDebugMaterials/VertexColorViewMode_ColorOnly.uasset" 206
"../../../Engine/Content/EngineDebugMaterials/VertexColorViewMode_AlphaAsColor.uasset" 207
"../../../Engine/Content/EngineDebugMaterials/VertexColorViewMode_RedOnly.uasset" 208
"../../../Engine/Content/EngineDebugMaterials/VertexColorViewMode_GreenOnly.uasset" 209
"../../../Engine/Content/EngineDebugMaterials/VertexColorViewMode_BlueOnly.uasset" 210
"../../../Engine/Content/EngineMaterials/RemoveSurfaceMaterial.uasset" 211
"../../../Engine/Content/EngineDebugMaterials/DebugMeshMaterial.uasset" 212
"../../../Engine/Content/EngineMaterials/InvalidLightmapSettings.uasset" 213
"../../../Engine/Content/EngineMaterials/M_InvalidLightmapSettings.uasset" 214
"../../../Engine/Content/EditorMaterials/GizmoMaterial.uasset" 215
"../../../Engine/Content/EngineMaterials/PhAT_JointLimitMaterial.uasset" 216
"../../../Engine/Content/EngineDebugMaterials/GeomMaterial.uasset" 217
"../../../Engine/Content/EngineMaterials/EditorBrushMaterial.uasset" 218
"../../../Engine/Content/EngineDebugMaterials/HeatmapGradient.uasset" 219
"../../../Engine/Content/EngineDebugMaterials/BoneWeightMaterial.uasset" 220
"../../../Engine/Content/EditorMaterials/PreviewShadowIndicator.uasset" 221
"../../../Engine/Content/EditorMaterials/PreviewShadowIndicatorMaterial.uasset" 222
"../../../Engine/Content/EditorResources/BSPVertex.uasset" 223
"../../../Engine/Content/EngineMaterials/Good64x64TilingNoiseHighFreq.uasset" 224
"../../../Engine/Content/EngineMaterials/DefaultBokeh.uasset" 225
"../../../Engine/Content/EngineMaterials/PreintegratedSkinBRDF.uasset" 226
"../../../Engine/Content/EngineMaterials/WeightMapPlaceholderTexture.uasset" 227
"../../../Engine/Content/EngineFonts/RobotoTiny.uasset" 228
"../../../Engine/Content/Tutorial/ContentIntroCurve.uasset" 229
"../../../Engine/Content/EditorMaterials/Cross.uasset" 230
"../../../Engine/Content/EditorMaterials/Cross_Mat.uasset" 231
"../../../Engine/Content/EditorMaterials/PhAT_BoneSelectedMaterial.uasset" 232
"../../../Engine/Content/EditorMaterials/PhAT_ElemSelectedMaterial.uasset" 233
"../../../Engine/Content/EditorMaterials/PhAT_NoCollisionMaterial.uasset" 234
"../../../Engine/Content/EditorMaterials/PhAT_UnselectedMaterial.uasset" 235
"../../../Engine/Content/EditorMaterials/Tick.uasset" 236
"../../../Engine/Content/EditorMaterials/Tick_Mat.uasset" 237
"../../../Engine/Content/EditorMaterials/WidgetGridVertexColorMaterial.uasset" 238
"../../../Engine/Content/EditorMaterials/WidgetGridVertexColorMaterial_Ma.uasset" 239
"../../../Engine/Content/EditorMaterials/WidgetMaterial.uasset" 240
"../../../Engine/Content/EditorMaterials/WidgetMaterial_Current.uasset" 241
"../../../Engine/Content/EditorMaterials/WidgetMaterial_X.uasset" 242
"../../../Engine/Content/EditorMaterials/WidgetMaterial_Y.uasset" 243
"../../../Engine/Content/EditorMaterials/WidgetMaterial_Z.uasset" 244
"../../../Engine/Content/EditorMaterials/WidgetVertexColorMaterial.uasset" 245
"../../../Engine/Content/EditorMaterials/CompositeARGBLayer.uasset" 246
"../../../Engine/Content/EditorMaterials/TilingAALineIntegral.uasset" 247
"../../../Engine/Content/EditorMaterials/TilingAALineBoxFiltered.uasset" 248
"../../../Engine/Content/Functions/Engine_MaterialFunctions03/Procedurals/ComputeFilterWidth.uasset" 249
"../../../Engine/Content/EditorMaterials/TilingAADots.uasset" 250
"../../../Engine/Content/EditorMaterials/Cascade/CASC_Cross.uasset" 251
"../../../Engine/Content/EditorMaterials/Cascade/CASC_None.uasset" 252
"../../../Engine/Content/Functions/Engine_MaterialFunctions03/Blends/Blend_Screen.uasset" 253
"../../../Engine/Content/EditorMaterials/TilingAAGrid.uasset" 254
"../../../Engine/Content/EditorMaterials/LevelGridMaterial.uasset" 255
"../../../Engine/Content/EditorResources/SmallFont.uasset" 256
"../../../Engine/Content/EditorResources/S_KBSJoint.uasset" 257
"../../../Engine/Content/EditorResources/S_KHinge.uasset" 258
"../../../Engine/Content/EditorResources/S_KPrismatic.uasset" 259
"../../../Engine/Content/EditorResources/LightIcons/S_LightError.uasset" 260
"../../../Engine/Content/EditorResources/Spline/T_Loft_Spline.uasset" 261
"../../../Engine/Content/EngineMaterials/BlinkingCaret.uasset" 262
"../../../Engine/Content/EngineMaterials/DefaultNormal.uasset" 263
"../../../Engine/Content/EngineMaterials/Grid_N.uasset" 264
"../../../Engine/Content/EngineMaterials/LandscapeHolePhysicalMaterial.uasset" 265
"../../../Engine/Content/EngineMaterials/PaperDiffuse.uasset" 266
"../../../Engine/Content/EngineMaterials/PaperNormal.uasset" 267
"../../../Engine/Content/EngineMaterials/PhysMat_Rubber.uasset" 268
"../../../Engine/Content/EngineFonts/SmallFont.uasset" 269
"../../../Engine/Content/EngineFonts/TinyFont.uasset" 270
"../../../Engine/Content/EngineResources/StreamingPauseIcon.uasset" 271
"../../../Engine/Content/EngineResources/M_StreamingPause.uasset" 272
"../../../Engine/Content/BasicShapes/Cube.uasset" 273
"../../../Engine/Content/BasicShapes/Sphere.uasset" 274
"../../../Engine/Content/BasicShapes/Cylinder.uasset" 275
"../../../Engine/Content/BasicShapes/Cone.uasset" 276
"../../../Engine/Content/EditorResources/SequenceRecorder/Countdown.uasset" 277
"../../../Engine/Content/EditorResources/SequenceRecorder/RecordingIndicator.uasset" 278
"../../../Engine/Content/EditorLandscapeResources/DefaultAlphaTexture.uasset" 279
"../../../Engine/Content/Tutorial/Basics/TutorialAssets/icon_tab_Levels_40x.uasset" 280
"../../../Engine/Content/EditorMaterials/MakeCompositeARGBLayer.uasset" 281
"../../../Engine/Content/EditorResources/LevelGrid1DStripes.uasset" 282
"../../../Engine/Content/EditorMaterials/TextureGridCascaded1D.uasset" 283
"../../../Engine/Content/EditorMaterials/TextureGridCascaded2D.uasset" 284
"../../../Engine/Content/EditorMaterials/LevelGridMaterial2.uasset" 285
"../../../Engine/Content/EditorBlueprintResources/StandardMacros.uasset" 286
"../../../Engine/Content/ArtTools/RenderToTexture/Enums/EIntTypes.uasset" 287
"../../../Engine/Content/ArtTools/RenderToTexture/Macros/RenderToTextureFunctionLibrary.uasset" 288
"../../../Engine/Content/MapTemplates/SM_Template_Map_Floor.uasset" 289
"../../../Engine/Content/Functions/Engine_MaterialFunctions01/Gradient/LinearGradient.uasset" 290
"../../../Engine/Content/Functions/Engine_MaterialFunctions02/Gradients/SmoothCurve.uasset" 291
"../../../WaveSurvivalGame/Content/Materials/Wall_01.uasset" 292
"../../../WaveSurvivalGame/Content/Mesh/UE4_Mannequin_Skeleton.uasset" 293
"../../../WaveSurvivalGame/Content/Animation/AnimationSequence/Idle_Rifle_Hip.uasset" 294
"../../../WaveSurvivalGame/Content/Animation/AnimationSequence/Aim_C_Center_Hip.uasset" 295
"../../../WaveSurvivalGame/Content/Animation/AnimationSequence/Aim_C_Down_Hip.uasset" 296
"../../../WaveSurvivalGame/Content/Animation/AnimationSequence/Aim_C_Up_Hip.uasset" 297
"../../../WaveSurvivalGame/Content/Animation/AnimationSequence/Aim_L_Center_Hip.uasset" 298
"../../../WaveSurvivalGame/Content/Animation/AnimationSequence/Aim_L_Down_Hip.uasset" 299
"../../../WaveSurvivalGame/Content/Animation/AnimationSequence/Aim_L_Up_Hip.uasset" 300
"../../../WaveSurvivalGame/Content/Animation/AnimationSequence/Aim_R_Center_Hip.uasset" 301
"../../../WaveSurvivalGame/Content/Animation/AnimationSequence/Aim_R_Down_Hip.uasset" 302
"../../../WaveSurvivalGame/Content/Animation/AnimationSequence/Aim_R_Up_Hip.uasset" 303
"../../../WaveSurvivalGame/Content/Animation/AimOffset/AimOffset_Hip.uasset" 304
"../../../WaveSurvivalGame/Content/Animation/AnimationSequence/Idle_Rifle_Ironsights.uasset" 305
"../../../WaveSurvivalGame/Content/Animation/AnimationSequence/Aim_C_Center_Ironsights.uasset" 306
"../../../WaveSurvivalGame/Content/Animation/AnimationSequence/Aim_C_Down_Ironsights.uasset" 307
"../../../WaveSurvivalGame/Content/Animation/AnimationSequence/Aim_C_Up_Ironsights.uasset" 308
"../../../WaveSurvivalGame/Content/Animation/AnimationSequence/Aim_L_Center_Ironsights.uasset" 309
"../../../WaveSurvivalGame/Content/Animation/AnimationSequence/Aim_L_Down_Ironsights.uasset" 310
"../../../WaveSurvivalGame/Content/Animation/AnimationSequence/Aim_L_Up_Ironsights.uasset" 311
"../../../WaveSurvivalGame/Content/Animation/AnimationSequence/Aim_R_Center_Ironsights.uasset" 312
"../../../WaveSurvivalGame/Content/Animation/AnimationSequence/Aim_R_Down_Ironsights.uasset" 313
"../../../WaveSurvivalGame/Content/Animation/AnimationSequence/Aim_R_Up_Ironsights.uasset" 314
"../../../WaveSurvivalGame/Content/Animation/AimOffset/StarterCharAimOffset.uasset" 315
"../../../WaveSurvivalGame/Content/Animation/AnimationSequence/Crouch_Idle_Rifle_Hip.uasset" 316
"../../../WaveSurvivalGame/Content/Animation/AnimationSequence/Crouch_Idle_Rifle_Ironsights.uasset" 317
"../../../WaveSurvivalGame/Content/Animation/AnimationSequence/Jump_From_Jog.uasset" 318
"../../../WaveSurvivalGame/Content/Animation/AnimationSequence/Jump_From_Stand.uasset" 319
"../../../WaveSurvivalGame/Content/Animation/AnimationSequence/Jump_From_Stand_Ironsights.uasset" 320
"../../../WaveSurvivalGame/Content/Animation/AnimationSequence/Prone_Idle.uasset" 321
"../../../WaveSurvivalGame/Content/Animation/AnimationSequence/Prone_To_Stand.uasset" 322
"../../../WaveSurvivalGame/Content/Animation/AnimationSequence/Sprint_Fwd_Rifle.uasset" 323
"../../../WaveSurvivalGame/Content/Animation/AnimationSequence/Stand_To_Prone.uasset" 324
"../../../WaveSurvivalGame/Content/Animation/AnimationSequence/Crouch_Walk_Bwd_Rifle_Ironsights.uasset" 325
"../../../WaveSurvivalGame/Content/Animation/AnimationSequence/Crouch_Walk_Fwd_Rifle_Ironsights.uasset" 326
"../../../WaveSurvivalGame/Content/Animation/AnimationSequence/Crouch_Walk_Lt_Rifle_Ironsights.uasset" 327
"../../../WaveSurvivalGame/Content/Animation/AnimationSequence/Crouch_Walk_Rt_Rifle_Ironsights.uasset" 328
"../../../WaveSurvivalGame/Content/Animation/BlendSpace/Crouch_Aming_BS.uasset" 329
"../../../WaveSurvivalGame/Content/Animation/AnimationSequence/Crouch_Walk_Bwd_Rifle_Hip.uasset" 330
"../../../WaveSurvivalGame/Content/Animation/AnimationSequence/Crouch_Walk_Fwd_Rifle_Hip.uasset" 331
"../../../WaveSurvivalGame/Content/Animation/AnimationSequence/Crouch_Walk_Lt_Rifle_Hip.uasset" 332
"../../../WaveSurvivalGame/Content/Animation/AnimationSequence/Crouch_Walk_Rt_Rifle_Hip.uasset" 333
"../../../WaveSurvivalGame/Content/Animation/BlendSpace/Crouch_BS.uasset" 334
"../../../WaveSurvivalGame/Content/Animation/AnimationSequence/Walk_Bwd_Rifle_Ironsights.uasset" 335
"../../../WaveSurvivalGame/Content/Animation/AnimationSequence/Walk_Fwd_Rifle_Ironsights.uasset" 336
"../../../WaveSurvivalGame/Content/Animation/AnimationSequence/Walk_Lt_Rifle_Ironsights.uasset" 337
"../../../WaveSurvivalGame/Content/Animation/AnimationSequence/Walk_Rt_Rifle_Ironsights.uasset" 338
"../../../WaveSurvivalGame/Content/Animation/BlendSpace/Walk_Aming_BS.uasset" 339
"../../../WaveSurvivalGame/Content/Animation/AnimationSequence/Jog_Bwd_Rifle.uasset" 340
"../../../WaveSurvivalGame/Content/Animation/AnimationSequence/Jog_Fwd_Rifle.uasset" 341
"../../../WaveSurvivalGame/Content/Animation/AnimationSequence/Jog_Lt_Rifle.uasset" 342
"../../../WaveSurvivalGame/Content/Animation/AnimationSequence/Jog_Rt_Rifle.uasset" 343
"../../../WaveSurvivalGame/Content/Animation/BlendSpace/Walk_BS.uasset" 344
"../../../WaveSurvivalGame/Content/Animation/StartCharAnimBP.uasset" 345
"../../../WaveSurvivalGame/Content/Mesh/Weapons/Scar-l/SCAR_Body.uasset" 346
"../../../WaveSurvivalGame/Content/Mesh/Weapons/Scar-l/SCaR_STOCK_MAG.uasset" 347
"../../../WaveSurvivalGame/Content/Mesh/Weapons/Scar-l/Scar-l.uasset" 348
"../../../WaveSurvivalGame/Content/Actors/Scar-L.uasset" 349
"../../../WaveSurvivalGame/Content/Blueprints/GamePlay/WSG_PC_BP.uasset" 350
"../../../WaveSurvivalGame/Content/Blueprints/AllLevels/PlayerInfo.uasset" 351
"../../../WaveSurvivalGame/Content/Blueprints/GamePlay/WSG_PS_BP.uasset" 352
"../../../WaveSurvivalGame/Content/Ui/AllLevels/LoadingScreen.uasset" 353
"../../../WaveSurvivalGame/Content/Blueprints/AllLevels/PlayerSaveGame.uasset" 354
"../../../WaveSurvivalGame/Content/Ui/MainMenu/HostMenu.uasset" 355
"../../../WaveSurvivalGame/Content/Ui/MainMenu/OptionsMenu.uasset" 356
"../../../WaveSurvivalGame/Content/Ui/MainMenu/ServerListObject.uasset" 357
"../../../WaveSurvivalGame/Content/Ui/MainMenu/ServerMenu.uasset" 358
"../../../WaveSurvivalGame/Content/Ui/MainMenu/MainMenu.uasset" 359
"../../../WaveSurvivalGame/Content/Ui/MainMenu/QuitScreen.uasset" 360
"../../../WaveSurvivalGame/Content/Blueprints/MainMenu/MainMenuPC.uasset" 361
"../../../WaveSurvivalGame/Content/Blueprints/MainMenu/WSG_MMGS_BP.uasset" 362
"../../../WaveSurvivalGame/Content/Blueprints/MainMenu/MainMenuGM.uasset" 363
"../../../WaveSurvivalGame/Content/Blueprints/AllLevels/GameInfoInstans.uasset" 364
"../../../Engine/Content/Functions/Engine_MaterialFunctions02/Utility/BlendAngleCorrectedNormals.uasset" 365
"../../../Engine/Content/Functions/MaterialLayerFunctions/MatLayerBlend_AO.uasset" 366
"../../../Engine/Content/Functions/MaterialLayerFunctions/MatLayerBlend_NormalBlend.uasset" 367
"../../../Engine/Content/Functions/MaterialLayerFunctions/MatLayerBlend_Simple.uasset" 368
"../../../WaveSurvivalGame/Content/Materials/MaterialLayers/T_ML_Rubber_Blue_01_D.uasset" 369
"../../../WaveSurvivalGame/Content/Materials/MaterialLayers/T_ML_Rubber_Blue_01_N.uasset" 370
"../../../WaveSurvivalGame/Content/Materials/MaterialLayers/ML_GlossyBlack_Latex_UE4.uasset" 371
"../../../WaveSurvivalGame/Content/Materials/MaterialLayers/ML_Plastic_Shiny_Beige.uasset" 372
"../../../WaveSurvivalGame/Content/Textures/UE4_LOGO_CARD.uasset" 373
"../../../WaveSurvivalGame/Content/Materials/MaterialLayers/ML_Plastic_Shiny_Beige_LOGO.uasset" 374
"../../../WaveSurvivalGame/Content/Materials/MaterialLayers/T_ML_Aluminum01.uasset" 375
"../../../WaveSurvivalGame/Content/Materials/MaterialLayers/T_ML_Aluminum01_N.uasset" 376
"../../../WaveSurvivalGame/Content/Materials/MaterialLayers/ML_SoftMetal_UE4.uasset" 377
"../../../WaveSurvivalGame/Content/Textures/UE4_Mannequin__normals.uasset" 378
"../../../WaveSurvivalGame/Content/Textures/UE4_Mannequin_MAT_MASKA.uasset" 379
"../../../WaveSurvivalGame/Content/Textures/UE4_Mannequin_occlusion_Mobile.uasset" 380
"../../../WaveSurvivalGame/Content/Materials/M_UE4Man_Body.uasset" 381
"../../../WaveSurvivalGame/Content/Textures/UE4Man_Logo_N.uasset" 382
"../../../WaveSurvivalGame/Content/Materials/M_UE4Man_ChestLogo.uasset" 383
"../../../WaveSurvivalGame/Content/Mesh/SK_Mannequin_PhysicsAsset.uasset" 384
"../../../WaveSurvivalGame/Content/Mesh/SK_Mannequin.uasset" 385
"../../../WaveSurvivalGame/Content/Blueprints/Character/StartCharBP.uasset" 386
"../../../WaveSurvivalGame/Content/Blueprints/GamePlay/WSG_GM_BP.uasset" 387
"../../../WaveSurvivalGame/Content/Blueprints/GamePlay/WSG_GS_BP.uasset" 388
"../../../Engine/Content/ArtTools/RenderToTexture/Enums/EFloatTypes.uasset" 389
"../../../Engine/Content/ArtTools/RenderToTexture/Macros/RenderToTextureMacros.uasset" 390
"../../../Engine/Content/EngineSky/C_Sky_Cloud_Color.uasset" 391
"../../../Engine/Content/EngineSky/C_Sky_Horizon_Color.uasset" 392
"../../../Engine/Content/EngineSky/C_Sky_Zenith_Color.uasset" 393
"../../../Engine/Content/EngineSky/T_Sky_Blue.uasset" 394
"../../../Engine/Content/EngineSky/T_Sky_Clouds_M.uasset" 395
"../../../Engine/Content/EngineSky/T_Sky_Stars.uasset" 396
"../../../Engine/Content/EngineSky/M_Sky_Panning_Clouds2.uasset" 397
"../../../Engine/Content/EngineSky/SM_SkySphere.uasset" 398
"../../../Engine/Content/EngineSky/BP_Sky_Sphere.uasset" 399
"../../../Engine/Content/EditorBlueprintResources/ActorMacros.uasset" 400
"../../../Engine/Content/ArtTools/RenderToTexture/Enums/RenderToTexture_Enum.uasset" 401
"../../../Engine/Content/ArtTools/RenderToTexture/Enums/RenderToTexture_Flipbook_Enum.uasset" 402
"../../../Engine/Content/ArtTools/RenderToTexture/Enums/RenderToTexture_Imposter_Enum.uasset" 403
"../../../Engine/Content/VREditor/Tutorial/UMG/Specialized/AnimsForHands.uasset" 404
"../../../WaveSurvivalGame/Content/UI/AllLevels/ChantGameplay.uasset" 405
"../../../WaveSurvivalGame/Content/UI/AllLevels/ChantText.uasset" 406
"../../../WaveSurvivalGame/Content/UI/AllLevels/ChantWindow.uasset" 407
"../../../WaveSurvivalGame/Content/UI/GamePlay/HUD.uasset" 408
"../../../WaveSurvivalGame/Content/UI/GamePlay/InGameMenu.uasset" 409
"../../../WaveSurvivalGame/Content/UI/Lobby/ConnectedPlayer.uasset" 410
"../../../WaveSurvivalGame/Content/UI/Lobby/GameSetting.uasset" 411
"../../../WaveSurvivalGame/Content/UI/Lobby/LobbyMenu.uasset" 412
"../../../WaveSurvivalGame/Content/UI/Lobby/PlayerButton.uasset" 413
"../../../WaveSurvivalGame/Content/UI/MainMenu/ErrorDialog.uasset" 414
"../../../Engine/Content/MobileResources/T_MobileControls_texture.uasset" 415
"../../../Engine/Content/MobileResources/T_MobileMenu2.uasset" 416
"../../../Engine/Content/MobileResources/HUD/AnalogHat.uasset" 417
"../../../Engine/Content/MobileResources/HUD/VirtualJoystick_Background.uasset" 418
"../../../Engine/Content/MobileResources/HUD/VirtualJoystick_Thumb.uasset" 419
"../../../Engine/Content/MobileResources/HUD/DefaultVirtualJoysticks.uasset" 420
"../../../Engine/Content/MobileResources/HUD/LeftVirtualJoystickOnly.uasset" 421
"../../../Engine/Content/MobileResources/HUD/MobileHUDButton1_off.uasset" 422
"../../../Engine/Content/MobileResources/HUD/MobileHUDButton1_on.uasset" 423
"../../../Engine/Content/MobileResources/HUD/MobileHUDButton2_off.uasset" 424
"../../../Engine/Content/MobileResources/HUD/MobileHUDButton2_on.uasset" 425
"../../../Engine/Content/MobileResources/HUD/MobileHUDButton3.uasset" 426
"../../../Engine/Content/MobileResources/HUD/MobileHUDButtonFire.uasset" 427
"../../../Engine/Content/MobileResources/HUD/MobileHUDDirectionPad.uasset" 428
"../../../Engine/Content/MobileResources/HUD/MobileHUDDirectionPad2.uasset" 429
"../../../Engine/Content/EditorResources/EmptyActor.uasset" 430
"../../../Engine/Content/EditorMaterials/AntialiasedGridFloor.uasset" 431
"../../../Engine/Content/EditorResources/TilePatine_D.uasset" 432
"../../../Engine/Content/EditorResources/TilePatine_N.uasset" 433
"../../../Engine/Content/EditorMaterials/PersonaFloorMat.uasset" 434
"../../../Engine/Content/EditorMaterials/GridMaterial.uasset" 435
"../../../Engine/Content/EditorMeshes/PhAT_FloorBox.uasset" 436
"../../../Engine/Content/MobileResources/HUD/MobileHUDDirectionPad3.uasset" 437
"../../../Engine/Content/MobileResources/HUD/MobileHUDDirectionStick.uasset" 438
"../../../Engine/Content/MobileResources/HUD/T_Castle_ThumbstickInner.uasset" 439
"../../../Engine/Content/MobileResources/HUD/T_Castle_ThumbstickOutter.uasset" 440
"../../../Engine/Content/Tutorial/BlueprintTutorials/TutorialAssets/Blueprint_64x.uasset" 441
"../../../WaveSurvivalGame/Content/Maps/MainMenu.umap" 442
